<?xml version="1.0" encoding="UTF-8"?>
<!-- Generated by org.testng.reporters.JUnitReportReporter -->
<testsuite hostname="DESKTOP-I1SV93B" failures="0" tests="1" name="e2e.Automation.TestScript.TC_LoginPage" time="6.433" errors="0" timestamp="2022-04-10T15:33:55 IST" skipped="0">
  <testcase classname="e2e.Automation.TestScript.TC_LoginPage" name="login" time="6.433"/>
  <system-out/>
</testsuite> <!-- e2e.Automation.TestScript.TC_LoginPage -->
