<?xml version="1.0" encoding="UTF-8"?>
<!-- Generated by org.testng.reporters.JUnitReportReporter -->
<testsuite hostname="DESKTOP-I1SV93B" failures="0" tests="1" name="e2e_Automation_TestScript.TC_LoginPage" time="7.184" errors="0" timestamp="2022-04-12T17:52:53 IST" skipped="0">
  <testcase classname="e2e_Automation_TestScript.TC_LoginPage" name="login" time="7.184"/>
  <system-out/>
</testsuite> <!-- e2e_Automation_TestScript.TC_LoginPage -->
