<?xml version="1.0" encoding="UTF-8"?>
<!-- Generated by org.testng.reporters.JUnitReportReporter -->
<testsuite hostname="DESKTOP-I1SV93B" failures="0" tests="1" name="e2e.Automation.TestScript.BaseClass" time="2.985" errors="0" timestamp="2022-04-10T14:36:39 IST" skipped="0">
  <testcase classname="e2e.Automation.TestScript.BaseClass" name="login" time="2.985"/>
  <system-out/>
</testsuite> <!-- e2e.Automation.TestScript.BaseClass -->
